<?xml version="1.0" encoding="UTF-8"?>
<!-- Generated by org.testng.reporters.JUnitXMLReporter -->
<testsuite ignored="0" hostname="LAPTOP-965NCTD2" failures="1" tests="1" name="Smoke Test" time="6.803" errors="0" timestamp="30 Oct 2023 20:18:39 GMT">
  <testcase classname="io.cucumber.testng.AbstractTestNGCucumberTests" name="runScenario" time="6.466">
    <failure type="java.lang.NullPointerException" message="Cannot invoke &amp;quot;pages.Homepage.enterSearch(String)&amp;quot; because &amp;quot;this.aqf1&amp;quot; is null">
      <![CDATA[java.lang.NullPointerException: Cannot invoke "pages.Homepage.enterSearch(String)" because "this.aqf1" is null
at steps.GoogleSearch.i_enter_on_the_search_box(GoogleSearch.java:37)
at ✽.I enter "QA jobs in NY" on the search box(file:///C:/Users/Owner/eclipse-workspace/ArmyQAF/Features/GoogleSearch.feature:6)
]]>
    </failure>
  </testcase> <!-- runScenario -->
</testsuite> <!-- Smoke Test -->
