<?xml version="1.0" encoding="UTF-8"?>
<testng-results ignored="0" total="1" passed="0" failed="1" skipped="0">
  <reporter-output>
  </reporter-output>
  <suite started-at="2023-10-30T20:18:32Z" name="Smoke Tests" finished-at="2023-10-30T20:18:39Z" duration-ms="6803">
    <groups>
      <group name="cucumber">
        <method signature="AbstractTestNGCucumberTests.runScenario(io.cucumber.testng.PickleWrapper, io.cucumber.testng.FeatureWrapper)[pri:0, instance:runners.SmokeTestRunner@ca30bc1]" name="runScenario" class="io.cucumber.testng.AbstractTestNGCucumberTests"/>
      </group> <!-- cucumber -->
    </groups>
    <test started-at="2023-10-30T20:18:32Z" name="Smoke Test" finished-at="2023-10-30T20:18:39Z" duration-ms="6803">
      <class name="runners.SmokeTestRunner">
        <test-method is-config="true" signature="setUpClass(org.testng.ITestContext)[pri:0, instance:runners.SmokeTestRunner@ca30bc1]" started-at="2023-10-30T20:18:32Z" name="setUpClass" finished-at="2023-10-30T20:18:32Z" duration-ms="305" status="PASS">
          <params>
            <param index="0">
              <value>
                <![CDATA[org.testng.TestRunner@118ffcfd]]>
              </value>
            </param>
          </params>
          <reporter-output>
          </reporter-output>
        </test-method> <!-- setUpClass -->
        <test-method signature="runScenario(io.cucumber.testng.PickleWrapper, io.cucumber.testng.FeatureWrapper)[pri:0, instance:runners.SmokeTestRunner@ca30bc1]" started-at="2023-10-30T20:18:32Z" name="runScenario" description="Runs Cucumber Scenarios" data-provider="scenarios" finished-at="2023-10-30T20:18:39Z" duration-ms="6466" status="FAIL">
          <params>
            <param index="0">
              <value>
                <![CDATA["search for simple keyword"]]>
              </value>
            </param>
            <param index="1">
              <value>
                <![CDATA["Google Search"]]>
              </value>
            </param>
          </params>
          <exception class="java.lang.NullPointerException">
            <message>
              <![CDATA[Cannot invoke "pages.Homepage.enterSearch(String)" because "this.aqf1" is null]]>
            </message>
            <full-stacktrace>
              <![CDATA[java.lang.NullPointerException: Cannot invoke "pages.Homepage.enterSearch(String)" because "this.aqf1" is null
at steps.GoogleSearch.i_enter_on_the_search_box(GoogleSearch.java:37)
at ✽.I enter "QA jobs in NY" on the search box(file:///C:/Users/Owner/eclipse-workspace/ArmyQAF/Features/GoogleSearch.feature:6)
]]>
            </full-stacktrace>
          </exception> <!-- java.lang.NullPointerException -->
          <reporter-output>
          </reporter-output>
        </test-method> <!-- runScenario -->
        <test-method is-config="true" signature="tearDownClass()[pri:0, instance:runners.SmokeTestRunner@ca30bc1]" started-at="2023-10-30T20:18:39Z" name="tearDownClass" finished-at="2023-10-30T20:18:39Z" duration-ms="7" status="PASS">
          <reporter-output>
          </reporter-output>
        </test-method> <!-- tearDownClass -->
      </class> <!-- runners.SmokeTestRunner -->
    </test> <!-- Smoke Test -->
  </suite> <!-- Smoke Tests -->
</testng-results>
