<?xml version="1.0" encoding="UTF-8"?>
<testng-results ignored="0" total="1" passed="1" failed="0" skipped="0">
  <reporter-output>
  </reporter-output>
  <suite started-at="2023-11-01T18:21:09Z" name="Default suite" finished-at="2023-11-01T18:21:17Z" duration-ms="7430">
    <groups>
      <group name="cucumber">
        <method signature="AbstractTestNGCucumberTests.runScenario(io.cucumber.testng.PickleWrapper, io.cucumber.testng.FeatureWrapper)[pri:0, instance:runners.SmokeTestRunner@8576fa0]" name="runScenario" class="io.cucumber.testng.AbstractTestNGCucumberTests"/>
      </group> <!-- cucumber -->
    </groups>
    <test started-at="2023-11-01T18:21:09Z" name="Default test" finished-at="2023-11-01T18:21:17Z" duration-ms="7430">
      <class name="runners.SmokeTestRunner">
        <test-method is-config="true" signature="setUpClass(org.testng.ITestContext)[pri:0, instance:runners.SmokeTestRunner@8576fa0]" started-at="2023-11-01T18:21:09Z" name="setUpClass" finished-at="2023-11-01T18:21:10Z" duration-ms="323" status="PASS">
          <params>
            <param index="0">
              <value>
                <![CDATA[org.testng.TestRunner@c27a3a2]]>
              </value>
            </param>
          </params>
          <reporter-output>
          </reporter-output>
        </test-method> <!-- setUpClass -->
        <test-method signature="runScenario(io.cucumber.testng.PickleWrapper, io.cucumber.testng.FeatureWrapper)[pri:0, instance:runners.SmokeTestRunner@8576fa0]" started-at="2023-11-01T18:21:10Z" name="runScenario" description="Runs Cucumber Scenarios" data-provider="scenarios" finished-at="2023-11-01T18:21:17Z" duration-ms="7079" status="PASS">
          <params>
            <param index="0">
              <value>
                <![CDATA["search for simple keyword"]]>
              </value>
            </param>
            <param index="1">
              <value>
                <![CDATA["Google Search"]]>
              </value>
            </param>
          </params>
          <reporter-output>
          </reporter-output>
        </test-method> <!-- runScenario -->
        <test-method is-config="true" signature="tearDownClass()[pri:0, instance:runners.SmokeTestRunner@8576fa0]" started-at="2023-11-01T18:21:17Z" name="tearDownClass" finished-at="2023-11-01T18:21:17Z" duration-ms="3" status="PASS">
          <reporter-output>
          </reporter-output>
        </test-method> <!-- tearDownClass -->
      </class> <!-- runners.SmokeTestRunner -->
    </test> <!-- Default test -->
  </suite> <!-- Default suite -->
</testng-results>
