<?xml version="1.0" encoding="UTF-8"?>
<!-- Generated by org.testng.reporters.JUnitReportReporter -->
<testsuite hostname="LAPTOP-965NCTD2" failures="0" tests="1" name="runners.SmokeTestRunner" time="6.466" errors="1" timestamp="30 Oct 2023 20:18:39 GMT" skipped="0">
  <testcase classname="runners.SmokeTestRunner" name="runScenario" time="6.466">
    <error message="Cannot invoke &quot;pages.Homepage.enterSearch(String)&quot; because &quot;this.aqf1&quot; is null" type="java.lang.NullPointerException">
      <![CDATA[java.lang.NullPointerException: Cannot invoke "pages.Homepage.enterSearch(String)" because "this.aqf1" is null
at steps.GoogleSearch.i_enter_on_the_search_box(GoogleSearch.java:37)
at ✽.I enter "QA jobs in NY" on the search box(file:///C:/Users/Owner/eclipse-workspace/ArmyQAF/Features/GoogleSearch.feature:6)
]]>
    </error>
  </testcase> <!-- runScenario -->
</testsuite> <!-- runners.SmokeTestRunner -->
